Using pre-set license
Built from '2022.3/staging' branch; Version is '2022.3.45f1 (a13dfa44d684) revision 10567162'; Using compiler version '192829333'; Build Type 'Release'
OS: 'Windows 10  (10.0.19045) 64bit Professional' Language: 'tr' Physical Memory: 7379 MB
BatchMode: 1, IsHumanControllingUs: 0, StartBugReporterOnCrash: 0, Is64bit: 1, IsPro: 1

COMMAND LINE ARGUMENTS:
C:\Program Files\Unity\Hub\Editor\2022.3.45f1\Editor\Unity.exe
-adb2
-batchMode
-noUpm
-name
AssetImportWorker2
-projectPath
C:/Users/ensar/Downloads/proje/AI_Nexus/AINexus
-logFile
Logs/AssetImportWorker2.log
-srvPort
53191
Successfully changed project path to: C:/Users/ensar/Downloads/proje/AI_Nexus/AINexus
C:/Users/ensar/Downloads/proje/AI_Nexus/AINexus
[UnityMemory] Configuration Parameters - Can be set up in boot.config
    "memorysetup-bucket-allocator-granularity=16"
    "memorysetup-bucket-allocator-bucket-count=8"
    "memorysetup-bucket-allocator-block-size=33554432"
    "memorysetup-bucket-allocator-block-count=8"
    "memorysetup-main-allocator-block-size=16777216"
    "memorysetup-thread-allocator-block-size=16777216"
    "memorysetup-gfx-main-allocator-block-size=16777216"
    "memorysetup-gfx-thread-allocator-block-size=16777216"
    "memorysetup-cache-allocator-block-size=4194304"
    "memorysetup-typetree-allocator-block-size=2097152"
    "memorysetup-profiler-bucket-allocator-granularity=16"
    "memorysetup-profiler-bucket-allocator-bucket-count=8"
    "memorysetup-profiler-bucket-allocator-block-size=33554432"
    "memorysetup-profiler-bucket-allocator-block-count=8"
    "memorysetup-profiler-allocator-block-size=16777216"
    "memorysetup-profiler-editor-allocator-block-size=1048576"
    "memorysetup-temp-allocator-size-main=16777216"
    "memorysetup-job-temp-allocator-block-size=2097152"
    "memorysetup-job-temp-allocator-block-size-background=1048576"
    "memorysetup-job-temp-allocator-reduction-small-platforms=262144"
    "memorysetup-allocator-temp-initial-block-size-main=262144"
    "memorysetup-allocator-temp-initial-block-size-worker=262144"
    "memorysetup-temp-allocator-size-background-worker=32768"
    "memorysetup-temp-allocator-size-job-worker=262144"
    "memorysetup-temp-allocator-size-preload-manager=33554432"
    "memorysetup-temp-allocator-size-nav-mesh-worker=65536"
    "memorysetup-temp-allocator-size-audio-worker=65536"
    "memorysetup-temp-allocator-size-cloud-worker=32768"
    "memorysetup-temp-allocator-size-gi-baking-worker=262144"
    "memorysetup-temp-allocator-size-gfx=262144"
Player connection [16864]  Target information:

Player connection [16864]  * "[IP] 192.168.1.80 [Port] 0 [Flags] 2 [Guid] 2550314095 [EditorId] 2550314095 [Version] 1048832 [Id] WindowsEditor(7,ENSAR242) [Debug] 1 [PackageName] WindowsEditor [ProjectName] Editor" 

Player connection [16864] Host joined multi-casting on [225.0.0.222:54997]...
Player connection [16864] Host joined alternative multi-casting on [225.0.0.222:34997]...
[PhysX] Initialized MultithreadedTaskDispatcher with 12 workers.
Refreshing native plugins compatible for Editor in 165.72 ms, found 3 plugins.
Preloading 0 native plugins for Editor in 0.00 ms.
Initialize engine version: 2022.3.45f1 (a13dfa44d684)
[Subsystems] Discovering subsystems at path C:/Program Files/Unity/Hub/Editor/2022.3.45f1/Editor/Data/Resources/UnitySubsystems
[Subsystems] Discovering subsystems at path C:/Users/ensar/Downloads/proje/AI_Nexus/AINexus/Assets
GfxDevice: creating device client; threaded=0; jobified=0
Direct3D:
    Version:  Direct3D 11.0 [level 11.1]
    Renderer: NVIDIA GeForce RTX 4050 Laptop GPU (ID=0x28a1)
    Vendor:   NVIDIA
    VRAM:     5921 MB
    Driver:   32.0.15.5612
Initialize mono
Mono path[0] = 'C:/Program Files/Unity/Hub/Editor/2022.3.45f1/Editor/Data/Managed'
Mono path[1] = 'C:/Program Files/Unity/Hub/Editor/2022.3.45f1/Editor/Data/MonoBleedingEdge/lib/mono/unityjit-win32'
Mono config path = 'C:/Program Files/Unity/Hub/Editor/2022.3.45f1/Editor/Data/MonoBleedingEdge/etc'
Using monoOptions --debugger-agent=transport=dt_socket,embedding=1,server=y,suspend=n,address=127.0.0.1:56204
Begin MonoManager ReloadAssembly
Registering precompiled unity dll's ...
Register platform support module: C:/Program Files/Unity/Hub/Editor/2022.3.45f1/Editor/Data/PlaybackEngines/AndroidPlayer/UnityEditor.Android.Extensions.dll
Register platform support module: C:/Program Files/Unity/Hub/Editor/2022.3.45f1/Editor/Data/PlaybackEngines/WindowsStandaloneSupport/UnityEditor.WindowsStandalone.Extensions.dll
Registered in 0.010972 seconds.
- Loaded All Assemblies, in  0.467 seconds
Native extension for WindowsStandalone target not found
Native extension for Android target not found
Android Extension - Scanning For ADB Devices 283 ms
Mono: successfully reloaded assembly
- Finished resetting the current domain, in  0.578 seconds
Domain Reload Profiling: 1044ms
	BeginReloadAssembly (159ms)
		ExecutionOrderSort (0ms)
		DisableScriptedObjects (0ms)
		BackupInstance (0ms)
		ReleaseScriptingObjects (0ms)
		CreateAndSetChildDomain (1ms)
	RebuildCommonClasses (36ms)
	RebuildNativeTypeToScriptingClass (8ms)
	initialDomainReloadingComplete (66ms)
	LoadAllAssembliesAndSetupDomain (197ms)
		LoadAssemblies (157ms)
		RebuildTransferFunctionScriptingTraits (0ms)
		AnalyzeDomain (193ms)
			TypeCache.Refresh (191ms)
				TypeCache.ScanAssembly (177ms)
			ScanForSourceGeneratedMonoScriptInfo (1ms)
			ResolveRequiredComponents (1ms)
	FinalizeReload (578ms)
		ReleaseScriptCaches (0ms)
		RebuildScriptCaches (0ms)
		SetupLoadedEditorAssemblies (537ms)
			LogAssemblyErrors (0ms)
			InitializePlatformSupportModulesInManaged (368ms)
			SetLoadedEditorAssemblies (4ms)
			RefreshPlugins (0ms)
			BeforeProcessingInitializeOnLoad (3ms)
			ProcessInitializeOnLoadAttributes (118ms)
			ProcessInitializeOnLoadMethodAttributes (43ms)
			AfterProcessingInitializeOnLoad (0ms)
			EditorAssembliesLoaded (0ms)
		ExecutionOrderSort2 (0ms)
		AwakeInstancesAfterBackupRestoration (0ms)
========================================================================
Worker process is ready to serve import requests
Caller must complete domain reload
Begin MonoManager ReloadAssembly
- Loaded All Assemblies, in  0.691 seconds
Native extension for WindowsStandalone target not found
Native extension for Android target not found
Mono: successfully reloaded assembly
- Finished resetting the current domain, in  0.735 seconds
Domain Reload Profiling: 1424ms
	BeginReloadAssembly (144ms)
		ExecutionOrderSort (0ms)
		DisableScriptedObjects (5ms)
		BackupInstance (0ms)
		ReleaseScriptingObjects (0ms)
		CreateAndSetChildDomain (25ms)
	RebuildCommonClasses (30ms)
	RebuildNativeTypeToScriptingClass (10ms)
	initialDomainReloadingComplete (49ms)
	LoadAllAssembliesAndSetupDomain (456ms)
		LoadAssemblies (361ms)
		RebuildTransferFunctionScriptingTraits (0ms)
		AnalyzeDomain (174ms)
			TypeCache.Refresh (155ms)
				TypeCache.ScanAssembly (138ms)
			ScanForSourceGeneratedMonoScriptInfo (13ms)
			ResolveRequiredComponents (4ms)
	FinalizeReload (736ms)
		ReleaseScriptCaches (0ms)
		RebuildScriptCaches (0ms)
		SetupLoadedEditorAssemblies (606ms)
			LogAssemblyErrors (0ms)
			InitializePlatformSupportModulesInManaged (33ms)
			SetLoadedEditorAssemblies (5ms)
			RefreshPlugins (0ms)
			BeforeProcessingInitializeOnLoad (58ms)
			ProcessInitializeOnLoadAttributes (479ms)
			ProcessInitializeOnLoadMethodAttributes (22ms)
			AfterProcessingInitializeOnLoad (8ms)
			EditorAssembliesLoaded (0ms)
		ExecutionOrderSort2 (0ms)
		AwakeInstancesAfterBackupRestoration (6ms)
Launched and connected shader compiler UnityShaderCompiler.exe after 0.06 seconds
Refreshing native plugins compatible for Editor in 3.22 ms, found 3 plugins.
Preloading 0 native plugins for Editor in 0.00 ms.
Unloading 3121 Unused Serialized files (Serialized files now loaded: 0)
Unloading 19 unused Assets / (54.5 KB). Loaded Objects now: 3590.
Memory consumption went from 118.8 MB to 118.7 MB.
Total: 3.928400 ms (FindLiveObjects: 0.323000 ms CreateObjectMapping: 0.129900 ms MarkObjects: 3.359500 ms  DeleteObjects: 0.114400 ms)

AssetImportParameters requested are different than current active one (requested -> active):
  custom:container-demuxer-ogg: 62fdf1f143b41e24485cea50d1cbac27 -> 
  custom:video-decoder-ogg-theora: a1e56fd34408186e4bbccfd4996cb3dc -> 
  custom:framework-win-MediaFoundation: 216162199b28c13a410421893ffa2e32 -> 
  custom:CustomObjectIndexerAttribute: 9a22284fe3817be447336de3de66b15e -> 
  custom:container-demuxer-webm: 4f35f7cbe854078d1ac9338744f61a02 -> 
  custom:container-muxer-webm: aa71ff27fc2769a1b78a27578f13a17b -> 
  custom:video-decoder-webm-vp8: 9c59270c3fd7afecdb556c50c9e8de78 -> 
  custom:SearchIndexIgnoredProperties: e643bd26f0fe6173181afceb89e7c659 -> 
  custom:AudioImporter_EditorPlatform: d09bf68614088b80899f8185d706f6e7 -> 
  custom:video-encoder-webm-vp8: eb34c28f22e8b96e1ab97ce403110664 -> 
  custom:audio-decoder-ogg-vorbis: bf7c407c2cedff20999df2af8eb42d56 -> 
  custom:audio-encoder-webm-vorbis: bf7c407c2cedff20999df2af8eb42d56 -> 
========================================================================
Received Import Request.
  Time since last request: 77696.327797 seconds.
  path: Assets/AINexus/Images/AİRESİM1 (3).jpeg
  artifactKey: Guid(1e923c849c72ecc498c112ccc7db2c1f) Importer(2089858483,0ecaa5967403d082aa24f35e1b516d23)
Start importing Assets/AINexus/Images/AİRESİM1 (3).jpeg using Guid(1e923c849c72ecc498c112ccc7db2c1f) Importer(2089858483,0ecaa5967403d082aa24f35e1b516d23) [PhysX] Initialized MultithreadedTaskDispatcher with 12 workers.
 -> (artifact id: 'ce32ae2fe6a68747f060a0cf48327bd3') in 0.196836 seconds
Number of updated asset objects reloaded before import = 0
Number of asset objects unloaded after import = 1
========================================================================
Received Import Request.
  Time since last request: 12.786262 seconds.
  path: Assets/AINexus/Images/AİRESİM1 (1).jpeg
  artifactKey: Guid(0896020d186310641920bfff0ecfb881) Importer(815301076,1909f56bfc062723c751e8b465ee728b)
Start importing Assets/AINexus/Images/AİRESİM1 (1).jpeg using Guid(0896020d186310641920bfff0ecfb881) Importer(815301076,1909f56bfc062723c751e8b465ee728b) [PhysX] Initialized MultithreadedTaskDispatcher with 12 workers.
[PhysX] Initialized MultithreadedTaskDispatcher with 12 workers.
 -> (artifact id: '548d4ac73db92d660e9a5b2538cb6b21') in 0.256117 seconds
Number of updated asset objects reloaded before import = 0
Number of asset objects unloaded after import = 3
========================================================================
Received Import Request.
  Time since last request: 163.175229 seconds.
  path: Assets/AINexus/Scenes/StartScene 1.unity
  artifactKey: Guid(febd3096bffc04f46a163382a63fde31) Importer(815301076,1909f56bfc062723c751e8b465ee728b)
Start importing Assets/AINexus/Scenes/StartScene 1.unity using Guid(febd3096bffc04f46a163382a63fde31) Importer(815301076,1909f56bfc062723c751e8b465ee728b) [PhysX] Initialized MultithreadedTaskDispatcher with 12 workers.
 -> (artifact id: '828595e9680b0a46e6c9d157af24c6f7') in 0.000719 seconds
Number of updated asset objects reloaded before import = 0
Number of asset objects unloaded after import = 0
========================================================================
Received Import Request.
  Time since last request: 0.963079 seconds.
  path: Assets/AINexus/Scenes/StartScene 1.unity
  artifactKey: Guid(febd3096bffc04f46a163382a63fde31) Importer(2089858483,0ecaa5967403d082aa24f35e1b516d23)
Start importing Assets/AINexus/Scenes/StartScene 1.unity using Guid(febd3096bffc04f46a163382a63fde31) Importer(2089858483,0ecaa5967403d082aa24f35e1b516d23) [PhysX] Initialized MultithreadedTaskDispatcher with 12 workers.
 -> (artifact id: '4cd0855f2e6ed8c0472d5ecad1cf5139') in 0.015406 seconds
Number of updated asset objects reloaded before import = 0
Number of asset objects unloaded after import = 1
========================================================================
Received Import Request.
  Time since last request: 12.995464 seconds.
  path: Assets/AINexus/Scenes/MainScene 1.unity
  artifactKey: Guid(febd3096bffc04f46a163382a63fde31) Importer(815301076,1909f56bfc062723c751e8b465ee728b)
Start importing Assets/AINexus/Scenes/MainScene 1.unity using Guid(febd3096bffc04f46a163382a63fde31) Importer(815301076,1909f56bfc062723c751e8b465ee728b) [PhysX] Initialized MultithreadedTaskDispatcher with 12 workers.
 -> (artifact id: 'f65502771fbf6a7ba668823b4edfd27b') in 0.000541 seconds
Number of updated asset objects reloaded before import = 0
Number of asset objects unloaded after import = 0
========================================================================
Received Import Request.
  Time since last request: 0.974847 seconds.
  path: Assets/AINexus/Scenes/MainScene 1.unity
  artifactKey: Guid(febd3096bffc04f46a163382a63fde31) Importer(2089858483,0ecaa5967403d082aa24f35e1b516d23)
Start importing Assets/AINexus/Scenes/MainScene 1.unity using Guid(febd3096bffc04f46a163382a63fde31) Importer(2089858483,0ecaa5967403d082aa24f35e1b516d23) [PhysX] Initialized MultithreadedTaskDispatcher with 12 workers.
 -> (artifact id: 'dcf7f500b829cfbfedd1f22f29d220d2') in 0.013175 seconds
Number of updated asset objects reloaded before import = 0
Number of asset objects unloaded after import = 1
========================================================================
Received Import Request.
  Time since last request: 3.294061 seconds.
  path: Assets/AINexus/Scenes/MainScene.unity
  artifactKey: Guid(febd3096bffc04f46a163382a63fde31) Importer(815301076,1909f56bfc062723c751e8b465ee728b)
Start importing Assets/AINexus/Scenes/MainScene.unity using Guid(febd3096bffc04f46a163382a63fde31) Importer(815301076,1909f56bfc062723c751e8b465ee728b) [PhysX] Initialized MultithreadedTaskDispatcher with 12 workers.
 -> (artifact id: 'b870b6bfa29f61e18a572cf320066e42') in 0.000658 seconds
Number of updated asset objects reloaded before import = 0
Number of asset objects unloaded after import = 0
========================================================================
Received Import Request.
  Time since last request: 0.973570 seconds.
  path: Assets/AINexus/Scenes/MainScene.unity
  artifactKey: Guid(febd3096bffc04f46a163382a63fde31) Importer(2089858483,0ecaa5967403d082aa24f35e1b516d23)
Start importing Assets/AINexus/Scenes/MainScene.unity using Guid(febd3096bffc04f46a163382a63fde31) Importer(2089858483,0ecaa5967403d082aa24f35e1b516d23) [PhysX] Initialized MultithreadedTaskDispatcher with 12 workers.
 -> (artifact id: 'c5c55353fea8b0fea0fc3afeb9c35ed9') in 0.012058 seconds
Number of updated asset objects reloaded before import = 0
Number of asset objects unloaded after import = 1
========================================================================
Received Import Request.
  Time since last request: 3.074662 seconds.
  path: Assets/AINexus/Scenes/StartScene.unity
  artifactKey: Guid(7b5ac8874f21a8f4e8fdfc3a49d0b438) Importer(2089858483,0ecaa5967403d082aa24f35e1b516d23)
Start importing Assets/AINexus/Scenes/StartScene.unity using Guid(7b5ac8874f21a8f4e8fdfc3a49d0b438) Importer(2089858483,0ecaa5967403d082aa24f35e1b516d23) [PhysX] Initialized MultithreadedTaskDispatcher with 12 workers.
 -> (artifact id: '7d5ac3ea78bad2d414336b1a28af5228') in 0.011725 seconds
Number of updated asset objects reloaded before import = 0
Number of asset objects unloaded after import = 1
========================================================================
Received Import Request.
  Time since last request: 2.957937 seconds.
  path: Assets/AINexus/Scenes/StartScene.unity
  artifactKey: Guid(7b5ac8874f21a8f4e8fdfc3a49d0b438) Importer(815301076,1909f56bfc062723c751e8b465ee728b)
Start importing Assets/AINexus/Scenes/StartScene.unity using Guid(7b5ac8874f21a8f4e8fdfc3a49d0b438) Importer(815301076,1909f56bfc062723c751e8b465ee728b) [PhysX] Initialized MultithreadedTaskDispatcher with 12 workers.
 -> (artifact id: 'c09a27f5944d0a1dc4cd8611fefb4b57') in 0.000588 seconds
Number of updated asset objects reloaded before import = 0
Number of asset objects unloaded after import = 0
========================================================================
Received Import Request.
  Time since last request: 3.284825 seconds.
  path: Assets/Scenes/SampleScene.unity
  artifactKey: Guid(9fc0d4010bbf28b4594072e72b8655ab) Importer(815301076,1909f56bfc062723c751e8b465ee728b)
Start importing Assets/Scenes/SampleScene.unity using Guid(9fc0d4010bbf28b4594072e72b8655ab) Importer(815301076,1909f56bfc062723c751e8b465ee728b) [PhysX] Initialized MultithreadedTaskDispatcher with 12 workers.
 -> (artifact id: '2418d44e161e3ce2e8daeaa5c00c20e4') in 0.000612 seconds
Number of updated asset objects reloaded before import = 0
Number of asset objects unloaded after import = 0
========================================================================
Received Import Request.
  Time since last request: 8.729655 seconds.
  path: Assets/AINexus/Scenes/StartScene 1.unity
  artifactKey: Guid(96062fb286ae41e40821ef6c534cd1a2) Importer(815301076,1909f56bfc062723c751e8b465ee728b)
Start importing Assets/AINexus/Scenes/StartScene 1.unity using Guid(96062fb286ae41e40821ef6c534cd1a2) Importer(815301076,1909f56bfc062723c751e8b465ee728b) [PhysX] Initialized MultithreadedTaskDispatcher with 12 workers.
 -> (artifact id: '2223387f255b5667ad49da529e2f850a') in 0.000513 seconds
Number of updated asset objects reloaded before import = 0
Number of asset objects unloaded after import = 0
========================================================================
Received Import Request.
  Time since last request: 0.968974 seconds.
  path: Assets/AINexus/Scenes/StartScene 1.unity
  artifactKey: Guid(96062fb286ae41e40821ef6c534cd1a2) Importer(2089858483,0ecaa5967403d082aa24f35e1b516d23)
Start importing Assets/AINexus/Scenes/StartScene 1.unity using Guid(96062fb286ae41e40821ef6c534cd1a2) Importer(2089858483,0ecaa5967403d082aa24f35e1b516d23) [PhysX] Initialized MultithreadedTaskDispatcher with 12 workers.
 -> (artifact id: '88e11461509970b6d3b2671789805bf3') in 0.011143 seconds
Number of updated asset objects reloaded before import = 0
Number of asset objects unloaded after import = 1
========================================================================
Received Import Request.
  Time since last request: 12.434359 seconds.
  path: Assets/AINexus/Scenes/MainScene.unity
  artifactKey: Guid(96062fb286ae41e40821ef6c534cd1a2) Importer(815301076,1909f56bfc062723c751e8b465ee728b)
Start importing Assets/AINexus/Scenes/MainScene.unity using Guid(96062fb286ae41e40821ef6c534cd1a2) Importer(815301076,1909f56bfc062723c751e8b465ee728b) [PhysX] Initialized MultithreadedTaskDispatcher with 12 workers.
 -> (artifact id: 'cedfa9daca9718d238838c610fc8b4e0') in 0.000615 seconds
Number of updated asset objects reloaded before import = 0
Number of asset objects unloaded after import = 0
========================================================================
Received Import Request.
  Time since last request: 0.974429 seconds.
  path: Assets/AINexus/Scenes/MainScene.unity
  artifactKey: Guid(96062fb286ae41e40821ef6c534cd1a2) Importer(2089858483,0ecaa5967403d082aa24f35e1b516d23)
Start importing Assets/AINexus/Scenes/MainScene.unity using Guid(96062fb286ae41e40821ef6c534cd1a2) Importer(2089858483,0ecaa5967403d082aa24f35e1b516d23) [PhysX] Initialized MultithreadedTaskDispatcher with 12 workers.
 -> (artifact id: '402aa1e0b6c8c9f22aea094828b511da') in 0.010677 seconds
Number of updated asset objects reloaded before import = 0
Number of asset objects unloaded after import = 1
========================================================================
Received Import Request.
  Time since last request: 100.864729 seconds.
  path: Assets/AINexus/Images/asagıBakanAİ.jpeg
  artifactKey: Guid(433c9a754c2a9594f9a6af7be8bb4409) Importer(2089858483,0ecaa5967403d082aa24f35e1b516d23)
Start importing Assets/AINexus/Images/asagıBakanAİ.jpeg using Guid(433c9a754c2a9594f9a6af7be8bb4409) Importer(2089858483,0ecaa5967403d082aa24f35e1b516d23) [PhysX] Initialized MultithreadedTaskDispatcher with 12 workers.
 -> (artifact id: 'b791efe7b467397e1a79b2b11b5f3f28') in 0.029574 seconds
Number of updated asset objects reloaded before import = 0
Number of asset objects unloaded after import = 1
========================================================================
Received Import Request.
  Time since last request: 0.652410 seconds.
  path: Assets/AINexus/Images/asagıBakanAİ.jpeg
  artifactKey: Guid(433c9a754c2a9594f9a6af7be8bb4409) Importer(815301076,1909f56bfc062723c751e8b465ee728b)
Start importing Assets/AINexus/Images/asagıBakanAİ.jpeg using Guid(433c9a754c2a9594f9a6af7be8bb4409) Importer(815301076,1909f56bfc062723c751e8b465ee728b) [PhysX] Initialized MultithreadedTaskDispatcher with 12 workers.
[PhysX] Initialized MultithreadedTaskDispatcher with 12 workers.
 -> (artifact id: '8ac2e587d12bb0c52aa2f8aebcbc3308') in 0.043673 seconds
Number of updated asset objects reloaded before import = 0
Number of asset objects unloaded after import = 2
========================================================================
Received Import Request.
  Time since last request: 5.470369 seconds.
  path: Assets/AINexus/Images/asagıBakanAİ.jpeg
  artifactKey: Guid(433c9a754c2a9594f9a6af7be8bb4409) Importer(815301076,1909f56bfc062723c751e8b465ee728b)
Start importing Assets/AINexus/Images/asagıBakanAİ.jpeg using Guid(433c9a754c2a9594f9a6af7be8bb4409) Importer(815301076,1909f56bfc062723c751e8b465ee728b) [PhysX] Initialized MultithreadedTaskDispatcher with 12 workers.
[PhysX] Initialized MultithreadedTaskDispatcher with 12 workers.
 -> (artifact id: 'd05ff598d371e279056ee04aab6db3eb') in 0.156351 seconds
Number of updated asset objects reloaded before import = 0
Number of asset objects unloaded after import = 3
========================================================================
Received Import Request.
  Time since last request: 255.398176 seconds.
  path: Assets/AINexus/Images/mainScreen/AİRESİM1 (3).jpeg
  artifactKey: Guid(1e923c849c72ecc498c112ccc7db2c1f) Importer(2089858483,0ecaa5967403d082aa24f35e1b516d23)
Start importing Assets/AINexus/Images/mainScreen/AİRESİM1 (3).jpeg using Guid(1e923c849c72ecc498c112ccc7db2c1f) Importer(2089858483,0ecaa5967403d082aa24f35e1b516d23) [PhysX] Initialized MultithreadedTaskDispatcher with 12 workers.
 -> (artifact id: '28994b574d7dec94f57c0a0dedd9d381') in 0.069872 seconds
Number of updated asset objects reloaded before import = 0
Number of asset objects unloaded after import = 3
========================================================================
Received Import Request.
  Time since last request: 0.000029 seconds.
  path: Assets/AINexus/Images/mainScreen/AİRESİM1 (5).jpeg
  artifactKey: Guid(915dc7e5e436f5c4e987250b37bd93c1) Importer(2089858483,0ecaa5967403d082aa24f35e1b516d23)
Start importing Assets/AINexus/Images/mainScreen/AİRESİM1 (5).jpeg using Guid(915dc7e5e436f5c4e987250b37bd93c1) Importer(2089858483,0ecaa5967403d082aa24f35e1b516d23) [PhysX] Initialized MultithreadedTaskDispatcher with 12 workers.
 -> (artifact id: '1668016aac534e83e8e783fc2e173447') in 0.034545 seconds
Number of updated asset objects reloaded before import = 0
Number of asset objects unloaded after import = 3
========================================================================
Received Import Request.
  Time since last request: 0.000033 seconds.
  path: Assets/AINexus/Images/mainScreen/AİRESİM1 (1).jpeg
  artifactKey: Guid(0896020d186310641920bfff0ecfb881) Importer(2089858483,0ecaa5967403d082aa24f35e1b516d23)
Start importing Assets/AINexus/Images/mainScreen/AİRESİM1 (1).jpeg using Guid(0896020d186310641920bfff0ecfb881) Importer(2089858483,0ecaa5967403d082aa24f35e1b516d23) [PhysX] Initialized MultithreadedTaskDispatcher with 12 workers.
 -> (artifact id: '971724013f4db1d0e41ddda8575451fc') in 0.044365 seconds
Number of updated asset objects reloaded before import = 0
Number of asset objects unloaded after import = 3
========================================================================
Received Import Request.
  Time since last request: 0.000025 seconds.
  path: Assets/AINexus/Images/mainScreen/AİRESİM1 (2).jpeg
  artifactKey: Guid(1a211e66a6858a34caff2ed389b9a98e) Importer(2089858483,0ecaa5967403d082aa24f35e1b516d23)
Start importing Assets/AINexus/Images/mainScreen/AİRESİM1 (2).jpeg using Guid(1a211e66a6858a34caff2ed389b9a98e) Importer(2089858483,0ecaa5967403d082aa24f35e1b516d23) [PhysX] Initialized MultithreadedTaskDispatcher with 12 workers.
 -> (artifact id: '8d2787775069d02f20398684a9cbfaa4') in 0.033010 seconds
Number of updated asset objects reloaded before import = 0
Number of asset objects unloaded after import = 3
========================================================================
Received Import Request.
  Time since last request: 0.000035 seconds.
  path: Assets/AINexus/Images/mainScreen/AİRESİM1 (4).jpeg
  artifactKey: Guid(d3ece2e690d2cb94ab075daf589fe619) Importer(2089858483,0ecaa5967403d082aa24f35e1b516d23)
Start importing Assets/AINexus/Images/mainScreen/AİRESİM1 (4).jpeg using Guid(d3ece2e690d2cb94ab075daf589fe619) Importer(2089858483,0ecaa5967403d082aa24f35e1b516d23) [PhysX] Initialized MultithreadedTaskDispatcher with 12 workers.
 -> (artifact id: '29b5b30ac4e17bdff303ce149c7d9ef9') in 0.038439 seconds
Number of updated asset objects reloaded before import = 0
Number of asset objects unloaded after import = 3
Editor requested this worker to shutdown with reason: Scaling down because of idle timeout
TcpMessagingSession - receive error: operation aborted. errorcode: 995, details: Bir iş parçacığı çıkışı veya bir uygulama isteği nedeniyle G/Ç işlemi iptal edildi.
AssetImportWorker is now disconnected from the server
Process exiting
Exiting without the bug reporter. Application will terminate with return code 0